# JRE version: OpenJDK Runtime Environment Temurin-21.0.6+7 (21.0.6+7) (build 21.0.6+7-LTS)
# Java VM: OpenJDK 64-Bit Server VM Temurin-21.0.6+7 (21.0.6+7-LTS, mixed mode, sharing, tiered, compressed oops, compressed class ptrs, parallel gc, windows-amd64)
GC Precious Log:
 CardTable entry size: 512
 CPUs: 8 total, 8 available
 Memory: 16075M
 Large Page Support: Disabled
 NUMA Support: Disabled
 Compressed Oops: Enabled (32-bit)
 Alignments: Space 512K, Generation 512K, Heap 2M
 Heap Min Capacity: 100M
 Heap Initial Capacity: 100M
 Heap Max Capacity: 1G
 Pre-touch: Disabled
 Parallel Workers: 8
Heap:
 PSYoungGen      total 23552K, used 20484K [0x00000000eab00000, 0x00000000ec580000, 0x0000000100000000)
  eden space 22016K, 88% used [0x00000000eab00000,0x00000000ebe21140,0x00000000ec080000)
  from space 1536K, 58% used [0x00000000ec300000,0x00000000ec3e0000,0x00000000ec480000)
  to   space 1024K, 0% used [0x00000000ec480000,0x00000000ec480000,0x00000000ec580000)
 ParOldGen       total 68608K, used 19095K [0x00000000c0000000, 0x00000000c4300000, 0x00000000eab00000)
  object space 68608K, 27% used [0x00000000c0000000,0x00000000c12a5ec0,0x00000000c4300000)
 Metaspace       used 40817K, committed 41920K, reserved 1114112K
  class space    used 4250K, committed 4736K, reserved 1048576K
GC Heap History (20 events):
Event: 3.214 GC heap before
{Heap before GC invocations=8 (full 1):
 PSYoungGen      total 29696K, used 4905K [0x00000000eab00000, 0x00000000ecd00000, 0x0000000100000000)
  eden space 24576K, 0% used [0x00000000eab00000,0x00000000eab00000,0x00000000ec300000)
  from space 5120K, 95% used [0x00000000ec400000,0x00000000ec8ca5b8,0x00000000ec900000)
  to   space 4096K, 0% used [0x00000000ec900000,0x00000000ec900000,0x00000000ecd00000)
 ParOldGen       total 68608K, used 9273K [0x00000000c0000000, 0x00000000c4300000, 0x00000000eab00000)
  object space 68608K, 13% used [0x00000000c0000000,0x00000000c090e5d8,0x00000000c4300000)
 Metaspace       used 20718K, committed 21504K, reserved 1114112K
  class space    used 2090K, committed 2432K, reserved 1048576K
}
Event: 3.245 GC heap after
{Heap after GC invocations=8 (full 1):
 PSYoungGen      total 29696K, used 0K [0x00000000eab00000, 0x00000000ecd00000, 0x0000000100000000)
  eden space 24576K, 0% used [0x00000000eab00000,0x00000000eab00000,0x00000000ec300000)
  from space 5120K, 0% used [0x00000000ec400000,0x00000000ec400000,0x00000000ec900000)
  to   space 4096K, 0% used [0x00000000ec900000,0x00000000ec900000,0x00000000ecd00000)
 ParOldGen       total 68608K, used 13099K [0x00000000c0000000, 0x00000000c4300000, 0x00000000eab00000)
  object space 68608K, 19% used [0x00000000c0000000,0x00000000c0ccad80,0x00000000c4300000)
 Metaspace       used 20705K, committed 21504K, reserved 1114112K
  class space    used 2086K, committed 2432K, reserved 1048576K
}
Event: 3.459 GC heap before
{Heap before GC invocations=9 (full 1):
 PSYoungGen      total 29696K, used 24576K [0x00000000eab00000, 0x00000000ecd00000, 0x0000000100000000)
  eden space 24576K, 100% used [0x00000000eab00000,0x00000000ec300000,0x00000000ec300000)
  from space 5120K, 0% used [0x00000000ec400000,0x00000000ec400000,0x00000000ec900000)
  to   space 4096K, 0% used [0x00000000ec900000,0x00000000ec900000,0x00000000ecd00000)
 ParOldGen       total 68608K, used 13099K [0x00000000c0000000, 0x00000000c4300000, 0x00000000eab00000)
  object space 68608K, 19% used [0x00000000c0000000,0x00000000c0ccad80,0x00000000c4300000)
 Metaspace       used 23464K, committed 24320K, reserved 1114112K
  class space    used 2257K, committed 2624K, reserved 1048576K
}
Event: 3.462 GC heap after
{Heap after GC invocations=9 (full 1):
 PSYoungGen      total 24576K, used 373K [0x00000000eab00000, 0x00000000ec980000, 0x0000000100000000)
  eden space 24064K, 0% used [0x00000000eab00000,0x00000000eab00000,0x00000000ec280000)
  from space 512K, 72% used [0x00000000ec900000,0x00000000ec95d450,0x00000000ec980000)
  to   space 2560K, 0% used [0x00000000ec480000,0x00000000ec480000,0x00000000ec700000)
 ParOldGen       total 68608K, used 13099K [0x00000000c0000000, 0x00000000c4300000, 0x00000000eab00000)
  object space 68608K, 19% used [0x00000000c0000000,0x00000000c0ccad80,0x00000000c4300000)
 Metaspace       used 23464K, committed 24320K, reserved 1114112K
  class space    used 2257K, committed 2624K, reserved 1048576K
}
Event: 3.706 GC heap before
{Heap before GC invocations=10 (full 1):
 PSYoungGen      total 24576K, used 24437K [0x00000000eab00000, 0x00000000ec980000, 0x0000000100000000)
  eden space 24064K, 100% used [0x00000000eab00000,0x00000000ec280000,0x00000000ec280000)
  from space 512K, 72% used [0x00000000ec900000,0x00000000ec95d450,0x00000000ec980000)
  to   space 2560K, 0% used [0x00000000ec480000,0x00000000ec480000,0x00000000ec700000)
 ParOldGen       total 68608K, used 13099K [0x00000000c0000000, 0x00000000c4300000, 0x00000000eab00000)
  object space 68608K, 19% used [0x00000000c0000000,0x00000000c0ccad80,0x00000000c4300000)
 Metaspace       used 25978K, committed 26816K, reserved 1114112K
  class space    used 2464K, committed 2816K, reserved 1048576K
}
Event: 3.708 GC heap after
{Heap after GC invocations=10 (full 1):
 PSYoungGen      total 26112K, used 2152K [0x00000000eab00000, 0x00000000ec980000, 0x0000000100000000)
  eden space 23552K, 0% used [0x00000000eab00000,0x00000000eab00000,0x00000000ec200000)
  from space 2560K, 84% used [0x00000000ec480000,0x00000000ec69a2b0,0x00000000ec700000)
  to   space 2560K, 0% used [0x00000000ec700000,0x00000000ec700000,0x00000000ec980000)
 ParOldGen       total 68608K, used 13099K [0x00000000c0000000, 0x00000000c4300000, 0x00000000eab00000)
  object space 68608K, 19% used [0x00000000c0000000,0x00000000c0ccad80,0x00000000c4300000)
 Metaspace       used 25978K, committed 26816K, reserved 1114112K
  class space    used 2464K, committed 2816K, reserved 1048576K
}
Event: 4.229 GC heap before
{Heap before GC invocations=11 (full 1):
 PSYoungGen      total 26112K, used 25704K [0x00000000eab00000, 0x00000000ec980000, 0x0000000100000000)
  eden space 23552K, 100% used [0x00000000eab00000,0x00000000ec200000,0x00000000ec200000)
  from space 2560K, 84% used [0x00000000ec480000,0x00000000ec69a2b0,0x00000000ec700000)
  to   space 2560K, 0% used [0x00000000ec700000,0x00000000ec700000,0x00000000ec980000)
 ParOldGen       total 68608K, used 13099K [0x00000000c0000000, 0x00000000c4300000, 0x00000000eab00000)
  object space 68608K, 19% used [0x00000000c0000000,0x00000000c0ccad80,0x00000000c4300000)
 Metaspace       used 28783K, committed 29696K, reserved 1114112K
  class space    used 2724K, committed 3136K, reserved 1048576K
}
Event: 4.231 GC heap after
{Heap after GC invocations=11 (full 1):
 PSYoungGen      total 25600K, used 2526K [0x00000000eab00000, 0x00000000ec980000, 0x0000000100000000)
  eden space 23040K, 0% used [0x00000000eab00000,0x00000000eab00000,0x00000000ec180000)
  from space 2560K, 98% used [0x00000000ec700000,0x00000000ec9778f0,0x00000000ec980000)
  to   space 3072K, 0% used [0x00000000ec380000,0x00000000ec380000,0x00000000ec680000)
 ParOldGen       total 68608K, used 13980K [0x00000000c0000000, 0x00000000c4300000, 0x00000000eab00000)
  object space 68608K, 20% used [0x00000000c0000000,0x00000000c0da7348,0x00000000c4300000)
 Metaspace       used 28783K, committed 29696K, reserved 1114112K
  class space    used 2724K, committed 3136K, reserved 1048576K
}
Event: 4.436 GC heap before
{Heap before GC invocations=12 (full 1):
 PSYoungGen      total 25600K, used 25555K [0x00000000eab00000, 0x00000000ec980000, 0x0000000100000000)
  eden space 23040K, 99% used [0x00000000eab00000,0x00000000ec17d6a8,0x00000000ec180000)
  from space 2560K, 98% used [0x00000000ec700000,0x00000000ec9778f0,0x00000000ec980000)
  to   space 3072K, 0% used [0x00000000ec380000,0x00000000ec380000,0x00000000ec680000)
 ParOldGen       total 68608K, used 13980K [0x00000000c0000000, 0x00000000c4300000, 0x00000000eab00000)
  object space 68608K, 20% used [0x00000000c0000000,0x00000000c0da7348,0x00000000c4300000)
 Metaspace       used 31782K, committed 32768K, reserved 1114112K
  class space    used 3117K, committed 3520K, reserved 1048576K
}
Event: 4.439 GC heap after
{Heap after GC invocations=12 (full 1):
 PSYoungGen      total 24064K, used 1384K [0x00000000eab00000, 0x00000000ec780000, 0x0000000100000000)
  eden space 22528K, 0% used [0x00000000eab00000,0x00000000eab00000,0x00000000ec100000)
  from space 1536K, 90% used [0x00000000ec380000,0x00000000ec4da0c8,0x00000000ec500000)
  to   space 2048K, 0% used [0x00000000ec580000,0x00000000ec580000,0x00000000ec780000)
 ParOldGen       total 68608K, used 16310K [0x00000000c0000000, 0x00000000c4300000, 0x00000000eab00000)
  object space 68608K, 23% used [0x00000000c0000000,0x00000000c0feda78,0x00000000c4300000)
 Metaspace       used 31782K, committed 32768K, reserved 1114112K
  class space    used 3117K, committed 3520K, reserved 1048576K
}
Event: 4.605 GC heap before
{Heap before GC invocations=13 (full 1):
 PSYoungGen      total 24064K, used 23912K [0x00000000eab00000, 0x00000000ec780000, 0x0000000100000000)
  eden space 22528K, 100% used [0x00000000eab00000,0x00000000ec100000,0x00000000ec100000)
  from space 1536K, 90% used [0x00000000ec380000,0x00000000ec4da0c8,0x00000000ec500000)
  to   space 2048K, 0% used [0x00000000ec580000,0x00000000ec580000,0x00000000ec780000)
 ParOldGen       total 68608K, used 16310K [0x00000000c0000000, 0x00000000c4300000, 0x00000000eab00000)
  object space 68608K, 23% used [0x00000000c0000000,0x00000000c0feda78,0x00000000c4300000)
 Metaspace       used 34541K, committed 35648K, reserved 1114112K
  class space    used 3478K, committed 3904K, reserved 1048576K
}
Event: 4.607 GC heap after
{Heap after GC invocations=13 (full 1):
 PSYoungGen      total 24064K, used 1600K [0x00000000eab00000, 0x00000000ec780000, 0x0000000100000000)
  eden space 22016K, 0% used [0x00000000eab00000,0x00000000eab00000,0x00000000ec080000)
  from space 2048K, 78% used [0x00000000ec580000,0x00000000ec710000,0x00000000ec780000)
  to   space 2048K, 0% used [0x00000000ec380000,0x00000000ec380000,0x00000000ec580000)
 ParOldGen       total 68608K, used 17394K [0x00000000c0000000, 0x00000000c4300000, 0x00000000eab00000)
  object space 68608K, 25% used [0x00000000c0000000,0x00000000c10fc960,0x00000000c4300000)
 Metaspace       used 34541K, committed 35648K, reserved 1114112K
  class space    used 3478K, committed 3904K, reserved 1048576K
}
Event: 4.638 GC heap before
{Heap before GC invocations=14 (full 1):
 PSYoungGen      total 24064K, used 6599K [0x00000000eab00000, 0x00000000ec780000, 0x0000000100000000)
  eden space 22016K, 22% used [0x00000000eab00000,0x00000000eafe1e90,0x00000000ec080000)
  from space 2048K, 78% used [0x00000000ec580000,0x00000000ec710000,0x00000000ec780000)
  to   space 2048K, 0% used [0x00000000ec380000,0x00000000ec380000,0x00000000ec580000)
 ParOldGen       total 68608K, used 17394K [0x00000000c0000000, 0x00000000c4300000, 0x00000000eab00000)
  object space 68608K, 25% used [0x00000000c0000000,0x00000000c10fc960,0x00000000c4300000)
 Metaspace       used 34827K, committed 35840K, reserved 1114112K
  class space    used 3525K, committed 3904K, reserved 1048576K
}
Event: 4.640 GC heap after
{Heap after GC invocations=14 (full 1):
 PSYoungGen      total 22528K, used 397K [0x00000000eab00000, 0x00000000ec600000, 0x0000000100000000)
  eden space 22016K, 0% used [0x00000000eab00000,0x00000000eab00000,0x00000000ec080000)
  from space 512K, 77% used [0x00000000ec380000,0x00000000ec3e3670,0x00000000ec400000)
  to   space 1024K, 0% used [0x00000000ec500000,0x00000000ec500000,0x00000000ec600000)
 ParOldGen       total 68608K, used 18740K [0x00000000c0000000, 0x00000000c4300000, 0x00000000eab00000)
  object space 68608K, 27% used [0x00000000c0000000,0x00000000c124d208,0x00000000c4300000)
 Metaspace       used 34827K, committed 35840K, reserved 1114112K
  class space    used 3525K, committed 3904K, reserved 1048576K
}
Event: 4.640 GC heap before
{Heap before GC invocations=15 (full 2):
 PSYoungGen      total 22528K, used 397K [0x00000000eab00000, 0x00000000ec600000, 0x0000000100000000)
  eden space 22016K, 0% used [0x00000000eab00000,0x00000000eab00000,0x00000000ec080000)
  from space 512K, 77% used [0x00000000ec380000,0x00000000ec3e3670,0x00000000ec400000)
  to   space 1024K, 0% used [0x00000000ec500000,0x00000000ec500000,0x00000000ec600000)
 ParOldGen       total 68608K, used 18740K [0x00000000c0000000, 0x00000000c4300000, 0x00000000eab00000)
  object space 68608K, 27% used [0x00000000c0000000,0x00000000c124d208,0x00000000c4300000)
 Metaspace       used 34827K, committed 35840K, reserved 1114112K
  class space    used 3525K, committed 3904K, reserved 1048576K
}
Event: 4.676 GC heap after
{Heap after GC invocations=15 (full 2):
 PSYoungGen      total 22528K, used 0K [0x00000000eab00000, 0x00000000ec600000, 0x0000000100000000)
  eden space 22016K, 0% used [0x00000000eab00000,0x00000000eab00000,0x00000000ec080000)
  from space 512K, 0% used [0x00000000ec380000,0x00000000ec380000,0x00000000ec400000)
  to   space 1024K, 0% used [0x00000000ec500000,0x00000000ec500000,0x00000000ec600000)
 ParOldGen       total 68608K, used 18239K [0x00000000c0000000, 0x00000000c4300000, 0x00000000eab00000)
  object space 68608K, 26% used [0x00000000c0000000,0x00000000c11cfea0,0x00000000c4300000)
 Metaspace       used 34821K, committed 35840K, reserved 1114112K
  class space    used 3524K, committed 3904K, reserved 1048576K
}
Event: 4.890 GC heap before
{Heap before GC invocations=16 (full 2):
 PSYoungGen      total 22528K, used 22016K [0x00000000eab00000, 0x00000000ec600000, 0x0000000100000000)
  eden space 22016K, 100% used [0x00000000eab00000,0x00000000ec080000,0x00000000ec080000)
  from space 512K, 0% used [0x00000000ec380000,0x00000000ec380000,0x00000000ec400000)
  to   space 1024K, 0% used [0x00000000ec500000,0x00000000ec500000,0x00000000ec600000)
 ParOldGen       total 68608K, used 18239K [0x00000000c0000000, 0x00000000c4300000, 0x00000000eab00000)
  object space 68608K, 26% used [0x00000000c0000000,0x00000000c11cfea0,0x00000000c4300000)
 Metaspace       used 36665K, committed 37824K, reserved 1114112K
  class space    used 3743K, committed 4224K, reserved 1048576K
}
Event: 4.891 GC heap after
{Heap after GC invocations=16 (full 2):
 PSYoungGen      total 23040K, used 1008K [0x00000000eab00000, 0x00000000ec600000, 0x0000000100000000)
  eden space 22016K, 0% used [0x00000000eab00000,0x00000000eab00000,0x00000000ec080000)
  from space 1024K, 98% used [0x00000000ec500000,0x00000000ec5fc010,0x00000000ec600000)
  to   space 1536K, 0% used [0x00000000ec300000,0x00000000ec300000,0x00000000ec480000)
 ParOldGen       total 68608K, used 18359K [0x00000000c0000000, 0x00000000c4300000, 0x00000000eab00000)
  object space 68608K, 26% used [0x00000000c0000000,0x00000000c11edeb0,0x00000000c4300000)
 Metaspace       used 36665K, committed 37824K, reserved 1114112K
  class space    used 3743K, committed 4224K, reserved 1048576K
}
Event: 5.123 GC heap before
{Heap before GC invocations=17 (full 2):
 PSYoungGen      total 23040K, used 23024K [0x00000000eab00000, 0x00000000ec600000, 0x0000000100000000)
  eden space 22016K, 100% used [0x00000000eab00000,0x00000000ec080000,0x00000000ec080000)
  from space 1024K, 98% used [0x00000000ec500000,0x00000000ec5fc010,0x00000000ec600000)
  to   space 1536K, 0% used [0x00000000ec300000,0x00000000ec300000,0x00000000ec480000)
 ParOldGen       total 68608K, used 18359K [0x00000000c0000000, 0x00000000c4300000, 0x00000000eab00000)
  object space 68608K, 26% used [0x00000000c0000000,0x00000000c11edeb0,0x00000000c4300000)
 Metaspace       used 38502K, committed 39616K, reserved 1114112K
  class space    used 3959K, committed 4480K, reserved 1048576K
}
Event: 5.125 GC heap after
{Heap after GC invocations=17 (full 2):
 PSYoungGen      total 23552K, used 896K [0x00000000eab00000, 0x00000000ec580000, 0x0000000100000000)
  eden space 22016K, 0% used [0x00000000eab00000,0x00000000eab00000,0x00000000ec080000)
  from space 1536K, 58% used [0x00000000ec300000,0x00000000ec3e0000,0x00000000ec480000)
  to   space 1024K, 0% used [0x00000000ec480000,0x00000000ec480000,0x00000000ec580000)
 ParOldGen       total 68608K, used 19095K [0x00000000c0000000, 0x00000000c4300000, 0x00000000eab00000)
  object space 68608K, 27% used [0x00000000c0000000,0x00000000c12a5ec0,0x00000000c4300000)
 Metaspace       used 38502K, committed 39616K, reserved 1114112K
  class space    used 3959K, committed 4480K, reserved 1048576K
}

