# JRE version: OpenJDK Runtime Environment Temurin-21.0.6+7 (21.0.6+7) (build 21.0.6+7-LTS)
# Java VM: OpenJDK 64-Bit Server VM Temurin-21.0.6+7 (21.0.6+7-LTS, mixed mode, sharing, tiered, compressed oops, compressed class ptrs, parallel gc, windows-amd64)
GC Precious Log:
 CardTable entry size: 512
 CPUs: 8 total, 8 available
 Memory: 16075M
 Large Page Support: Disabled
 NUMA Support: Disabled
 Compressed Oops: Enabled (32-bit)
 Alignments: Space 512K, Generation 512K, Heap 2M
 Heap Min Capacity: 100M
 Heap Initial Capacity: 100M
 Heap Max Capacity: 1G
 Pre-touch: Disabled
 Parallel Workers: 8
Heap:
 PSYoungGen      total 16384K, used 16377K [0x00000000eab00000, 0x00000000ec580000, 0x0000000100000000)
  eden space 13312K, 100% used [0x00000000eab00000,0x00000000eb800000,0x00000000eb800000)
  from space 3072K, 99% used [0x00000000eb800000,0x00000000ebafe730,0x00000000ebb00000)
  to   space 6144K, 49% used [0x00000000ebf80000,0x00000000ec27cbb8,0x00000000ec580000)
 ParOldGen       total 202240K, used 201788K [0x00000000c0000000, 0x00000000cc580000, 0x00000000eab00000)
  object space 202240K, 99% used [0x00000000c0000000,0x00000000cc50f3a0,0x00000000cc580000)
 Metaspace       used 60575K, committed 61888K, reserved 1114112K
  class space    used 6291K, committed 6848K, reserved 1048576K
GC Heap History (20 events):
Event: 11.384 GC heap after
{Heap after GC invocations=156 (full 3):
 PSYoungGen      total 9216K, used 1841K [0x00000000eab00000, 0x00000000eb700000, 0x0000000100000000)
  eden space 7168K, 0% used [0x00000000eab00000,0x00000000eab00000,0x00000000eb200000)
  from space 2048K, 89% used [0x00000000eb200000,0x00000000eb3cc5d0,0x00000000eb400000)
  to   space 2048K, 0% used [0x00000000eb500000,0x00000000eb500000,0x00000000eb700000)
 ParOldGen       total 190976K, used 183114K [0x00000000c0000000, 0x00000000cba80000, 0x00000000eab00000)
  object space 190976K, 95% used [0x00000000c0000000,0x00000000cb2d2bf0,0x00000000cba80000)
 Metaspace       used 60298K, committed 61632K, reserved 1114112K
  class space    used 6280K, committed 6848K, reserved 1048576K
}
Event: 11.401 GC heap before
{Heap before GC invocations=157 (full 3):
 PSYoungGen      total 9216K, used 9009K [0x00000000eab00000, 0x00000000eb700000, 0x0000000100000000)
  eden space 7168K, 100% used [0x00000000eab00000,0x00000000eb200000,0x00000000eb200000)
  from space 2048K, 89% used [0x00000000eb200000,0x00000000eb3cc5d0,0x00000000eb400000)
  to   space 2048K, 0% used [0x00000000eb500000,0x00000000eb500000,0x00000000eb700000)
 ParOldGen       total 190976K, used 183114K [0x00000000c0000000, 0x00000000cba80000, 0x00000000eab00000)
  object space 190976K, 95% used [0x00000000c0000000,0x00000000cb2d2bf0,0x00000000cba80000)
 Metaspace       used 60316K, committed 61632K, reserved 1114112K
  class space    used 6281K, committed 6848K, reserved 1048576K
}
Event: 11.404 GC heap after
{Heap after GC invocations=157 (full 3):
 PSYoungGen      total 10240K, used 1857K [0x00000000eab00000, 0x00000000eb700000, 0x0000000100000000)
  eden space 8192K, 0% used [0x00000000eab00000,0x00000000eab00000,0x00000000eb300000)
  from space 2048K, 90% used [0x00000000eb500000,0x00000000eb6d0540,0x00000000eb700000)
  to   space 2048K, 0% used [0x00000000eb300000,0x00000000eb300000,0x00000000eb500000)
 ParOldGen       total 190976K, used 184687K [0x00000000c0000000, 0x00000000cba80000, 0x00000000eab00000)
  object space 190976K, 96% used [0x00000000c0000000,0x00000000cb45bd70,0x00000000cba80000)
 Metaspace       used 60316K, committed 61632K, reserved 1114112K
  class space    used 6281K, committed 6848K, reserved 1048576K
}
Event: 11.420 GC heap before
{Heap before GC invocations=158 (full 3):
 PSYoungGen      total 10240K, used 10049K [0x00000000eab00000, 0x00000000eb700000, 0x0000000100000000)
  eden space 8192K, 100% used [0x00000000eab00000,0x00000000eb300000,0x00000000eb300000)
  from space 2048K, 90% used [0x00000000eb500000,0x00000000eb6d0540,0x00000000eb700000)
  to   space 2048K, 0% used [0x00000000eb300000,0x00000000eb300000,0x00000000eb500000)
 ParOldGen       total 190976K, used 184687K [0x00000000c0000000, 0x00000000cba80000, 0x00000000eab00000)
  object space 190976K, 96% used [0x00000000c0000000,0x00000000cb45bd70,0x00000000cba80000)
 Metaspace       used 60371K, committed 61696K, reserved 1114112K
  class space    used 6283K, committed 6848K, reserved 1048576K
}
Event: 11.422 GC heap after
{Heap after GC invocations=158 (full 3):
 PSYoungGen      total 10240K, used 1808K [0x00000000eab00000, 0x00000000eb880000, 0x0000000100000000)
  eden space 8192K, 0% used [0x00000000eab00000,0x00000000eab00000,0x00000000eb300000)
  from space 2048K, 88% used [0x00000000eb300000,0x00000000eb4c42e8,0x00000000eb500000)
  to   space 2048K, 0% used [0x00000000eb680000,0x00000000eb680000,0x00000000eb880000)
 ParOldGen       total 190976K, used 186389K [0x00000000c0000000, 0x00000000cba80000, 0x00000000eab00000)
  object space 190976K, 97% used [0x00000000c0000000,0x00000000cb6055f0,0x00000000cba80000)
 Metaspace       used 60371K, committed 61696K, reserved 1114112K
  class space    used 6283K, committed 6848K, reserved 1048576K
}
Event: 11.443 GC heap before
{Heap before GC invocations=159 (full 3):
 PSYoungGen      total 10240K, used 10000K [0x00000000eab00000, 0x00000000eb880000, 0x0000000100000000)
  eden space 8192K, 100% used [0x00000000eab00000,0x00000000eb300000,0x00000000eb300000)
  from space 2048K, 88% used [0x00000000eb300000,0x00000000eb4c42e8,0x00000000eb500000)
  to   space 2048K, 0% used [0x00000000eb680000,0x00000000eb680000,0x00000000eb880000)
 ParOldGen       total 190976K, used 186389K [0x00000000c0000000, 0x00000000cba80000, 0x00000000eab00000)
  object space 190976K, 97% used [0x00000000c0000000,0x00000000cb6055f0,0x00000000cba80000)
 Metaspace       used 60422K, committed 61760K, reserved 1114112K
  class space    used 6284K, committed 6848K, reserved 1048576K
}
Event: 11.445 GC heap after
{Heap after GC invocations=159 (full 3):
 PSYoungGen      total 11776K, used 1978K [0x00000000eab00000, 0x00000000eb880000, 0x0000000100000000)
  eden space 9728K, 0% used [0x00000000eab00000,0x00000000eab00000,0x00000000eb480000)
  from space 2048K, 96% used [0x00000000eb680000,0x00000000eb86e950,0x00000000eb880000)
  to   space 2048K, 0% used [0x00000000eb480000,0x00000000eb480000,0x00000000eb680000)
 ParOldGen       total 190976K, used 188116K [0x00000000c0000000, 0x00000000cba80000, 0x00000000eab00000)
  object space 190976K, 98% used [0x00000000c0000000,0x00000000cb7b5370,0x00000000cba80000)
 Metaspace       used 60422K, committed 61760K, reserved 1114112K
  class space    used 6284K, committed 6848K, reserved 1048576K
}
Event: 11.465 GC heap before
{Heap before GC invocations=160 (full 3):
 PSYoungGen      total 11776K, used 11706K [0x00000000eab00000, 0x00000000eb880000, 0x0000000100000000)
  eden space 9728K, 100% used [0x00000000eab00000,0x00000000eb480000,0x00000000eb480000)
  from space 2048K, 96% used [0x00000000eb680000,0x00000000eb86e950,0x00000000eb880000)
  to   space 2048K, 0% used [0x00000000eb480000,0x00000000eb480000,0x00000000eb680000)
 ParOldGen       total 190976K, used 188116K [0x00000000c0000000, 0x00000000cba80000, 0x00000000eab00000)
  object space 190976K, 98% used [0x00000000c0000000,0x00000000cb7b5370,0x00000000cba80000)
 Metaspace       used 60476K, committed 61760K, reserved 1114112K
  class space    used 6285K, committed 6848K, reserved 1048576K
}
Event: 11.467 GC heap after
{Heap after GC invocations=160 (full 3):
 PSYoungGen      total 11776K, used 2019K [0x00000000eab00000, 0x00000000ebf80000, 0x0000000100000000)
  eden space 9728K, 0% used [0x00000000eab00000,0x00000000eab00000,0x00000000eb480000)
  from space 2048K, 98% used [0x00000000eb480000,0x00000000eb678c88,0x00000000eb680000)
  to   space 5120K, 0% used [0x00000000eba80000,0x00000000eba80000,0x00000000ebf80000)
 ParOldGen       total 190976K, used 190320K [0x00000000c0000000, 0x00000000cba80000, 0x00000000eab00000)
  object space 190976K, 99% used [0x00000000c0000000,0x00000000cb9dc3f0,0x00000000cba80000)
 Metaspace       used 60476K, committed 61760K, reserved 1114112K
  class space    used 6285K, committed 6848K, reserved 1048576K
}
Event: 11.491 GC heap before
{Heap before GC invocations=161 (full 3):
 PSYoungGen      total 11776K, used 11708K [0x00000000eab00000, 0x00000000ebf80000, 0x0000000100000000)
  eden space 9728K, 99% used [0x00000000eab00000,0x00000000eb476768,0x00000000eb480000)
  from space 2048K, 98% used [0x00000000eb480000,0x00000000eb678c88,0x00000000eb680000)
  to   space 5120K, 0% used [0x00000000eba80000,0x00000000eba80000,0x00000000ebf80000)
 ParOldGen       total 190976K, used 190320K [0x00000000c0000000, 0x00000000cba80000, 0x00000000eab00000)
  object space 190976K, 99% used [0x00000000c0000000,0x00000000cb9dc3f0,0x00000000cba80000)
 Metaspace       used 60571K, committed 61888K, reserved 1114112K
  class space    used 6291K, committed 6848K, reserved 1048576K
}
Event: 11.496 GC heap after
{Heap after GC invocations=161 (full 3):
 PSYoungGen      total 13824K, used 2272K [0x00000000eab00000, 0x00000000ebd00000, 0x0000000100000000)
  eden space 11264K, 0% used [0x00000000eab00000,0x00000000eab00000,0x00000000eb600000)
  from space 2560K, 88% used [0x00000000eba80000,0x00000000ebcb83d0,0x00000000ebd00000)
  to   space 3072K, 0% used [0x00000000eb700000,0x00000000eb700000,0x00000000eba00000)
 ParOldGen       total 192512K, used 192260K [0x00000000c0000000, 0x00000000cbc00000, 0x00000000eab00000)
  object space 192512K, 99% used [0x00000000c0000000,0x00000000cbbc13b8,0x00000000cbc00000)
 Metaspace       used 60571K, committed 61888K, reserved 1114112K
  class space    used 6291K, committed 6848K, reserved 1048576K
}
Event: 11.518 GC heap before
{Heap before GC invocations=162 (full 3):
 PSYoungGen      total 13824K, used 13536K [0x00000000eab00000, 0x00000000ebd00000, 0x0000000100000000)
  eden space 11264K, 100% used [0x00000000eab00000,0x00000000eb600000,0x00000000eb600000)
  from space 2560K, 88% used [0x00000000eba80000,0x00000000ebcb83d0,0x00000000ebd00000)
  to   space 3072K, 0% used [0x00000000eb700000,0x00000000eb700000,0x00000000eba00000)
 ParOldGen       total 192512K, used 192260K [0x00000000c0000000, 0x00000000cbc00000, 0x00000000eab00000)
  object space 192512K, 99% used [0x00000000c0000000,0x00000000cbbc13b8,0x00000000cbc00000)
 Metaspace       used 60574K, committed 61888K, reserved 1114112K
  class space    used 6291K, committed 6848K, reserved 1048576K
}
Event: 11.521 GC heap after
{Heap after GC invocations=162 (full 3):
 PSYoungGen      total 15360K, used 2988K [0x00000000eab00000, 0x00000000ebe80000, 0x0000000100000000)
  eden space 12288K, 0% used [0x00000000eab00000,0x00000000eab00000,0x00000000eb700000)
  from space 3072K, 97% used [0x00000000eb700000,0x00000000eb9eb068,0x00000000eba00000)
  to   space 3584K, 0% used [0x00000000ebb00000,0x00000000ebb00000,0x00000000ebe80000)
 ParOldGen       total 194560K, used 194358K [0x00000000c0000000, 0x00000000cbe00000, 0x00000000eab00000)
  object space 194560K, 99% used [0x00000000c0000000,0x00000000cbdcd9f8,0x00000000cbe00000)
 Metaspace       used 60574K, committed 61888K, reserved 1114112K
  class space    used 6291K, committed 6848K, reserved 1048576K
}
Event: 11.549 GC heap before
{Heap before GC invocations=163 (full 3):
 PSYoungGen      total 15360K, used 15276K [0x00000000eab00000, 0x00000000ebe80000, 0x0000000100000000)
  eden space 12288K, 100% used [0x00000000eab00000,0x00000000eb700000,0x00000000eb700000)
  from space 3072K, 97% used [0x00000000eb700000,0x00000000eb9eb068,0x00000000eba00000)
  to   space 3584K, 0% used [0x00000000ebb00000,0x00000000ebb00000,0x00000000ebe80000)
 ParOldGen       total 194560K, used 194358K [0x00000000c0000000, 0x00000000cbe00000, 0x00000000eab00000)
  object space 194560K, 99% used [0x00000000c0000000,0x00000000cbdcd9f8,0x00000000cbe00000)
 Metaspace       used 60575K, committed 61888K, reserved 1114112K
  class space    used 6291K, committed 6848K, reserved 1048576K
}
Event: 11.552 GC heap after
{Heap after GC invocations=163 (full 3):
 PSYoungGen      total 16896K, used 2852K [0x00000000eab00000, 0x00000000ebe80000, 0x0000000100000000)
  eden space 13312K, 0% used [0x00000000eab00000,0x00000000eab00000,0x00000000eb800000)
  from space 3584K, 79% used [0x00000000ebb00000,0x00000000ebdc9270,0x00000000ebe80000)
  to   space 3072K, 0% used [0x00000000eb800000,0x00000000eb800000,0x00000000ebb00000)
 ParOldGen       total 197632K, used 197181K [0x00000000c0000000, 0x00000000cc100000, 0x00000000eab00000)
  object space 197632K, 99% used [0x00000000c0000000,0x00000000cc08f450,0x00000000cc100000)
 Metaspace       used 60575K, committed 61888K, reserved 1114112K
  class space    used 6291K, committed 6848K, reserved 1048576K
}
Event: 11.576 GC heap before
{Heap before GC invocations=164 (full 3):
 PSYoungGen      total 16896K, used 16164K [0x00000000eab00000, 0x00000000ebe80000, 0x0000000100000000)
  eden space 13312K, 100% used [0x00000000eab00000,0x00000000eb800000,0x00000000eb800000)
  from space 3584K, 79% used [0x00000000ebb00000,0x00000000ebdc9270,0x00000000ebe80000)
  to   space 3072K, 0% used [0x00000000eb800000,0x00000000eb800000,0x00000000ebb00000)
 ParOldGen       total 197632K, used 197181K [0x00000000c0000000, 0x00000000cc100000, 0x00000000eab00000)
  object space 197632K, 99% used [0x00000000c0000000,0x00000000cc08f450,0x00000000cc100000)
 Metaspace       used 60575K, committed 61888K, reserved 1114112K
  class space    used 6291K, committed 6848K, reserved 1048576K
}
Event: 11.580 GC heap after
{Heap after GC invocations=164 (full 3):
 PSYoungGen      total 16384K, used 3065K [0x00000000eab00000, 0x00000000ec580000, 0x0000000100000000)
  eden space 13312K, 0% used [0x00000000eab00000,0x00000000eab00000,0x00000000eb800000)
  from space 3072K, 99% used [0x00000000eb800000,0x00000000ebafe730,0x00000000ebb00000)
  to   space 6144K, 0% used [0x00000000ebf80000,0x00000000ebf80000,0x00000000ec580000)
 ParOldGen       total 200192K, used 199681K [0x00000000c0000000, 0x00000000cc380000, 0x00000000eab00000)
  object space 200192K, 99% used [0x00000000c0000000,0x00000000cc300778,0x00000000cc380000)
 Metaspace       used 60575K, committed 61888K, reserved 1114112K
  class space    used 6291K, committed 6848K, reserved 1048576K
}
Event: 11.601 GC heap before
{Heap before GC invocations=165 (full 3):
 PSYoungGen      total 16384K, used 16377K [0x00000000eab00000, 0x00000000ec580000, 0x0000000100000000)
  eden space 13312K, 100% used [0x00000000eab00000,0x00000000eb800000,0x00000000eb800000)
  from space 3072K, 99% used [0x00000000eb800000,0x00000000ebafe730,0x00000000ebb00000)
  to   space 6144K, 0% used [0x00000000ebf80000,0x00000000ebf80000,0x00000000ec580000)
 ParOldGen       total 200192K, used 199681K [0x00000000c0000000, 0x00000000cc380000, 0x00000000eab00000)
  object space 200192K, 99% used [0x00000000c0000000,0x00000000cc300778,0x00000000cc380000)
 Metaspace       used 60575K, committed 61888K, reserved 1114112K
  class space    used 6291K, committed 6848K, reserved 1048576K
}
Event: 11.605 GC heap after
{Heap after GC invocations=165 (full 3):
 PSYoungGen      total 16384K, used 16377K [0x00000000eab00000, 0x00000000ec580000, 0x0000000100000000)
  eden space 13312K, 100% used [0x00000000eab00000,0x00000000eb800000,0x00000000eb800000)
  from space 3072K, 99% used [0x00000000eb800000,0x00000000ebafe730,0x00000000ebb00000)
  to   space 6144K, 49% used [0x00000000ebf80000,0x00000000ec27cbb8,0x00000000ec580000)
 ParOldGen       total 202240K, used 201788K [0x00000000c0000000, 0x00000000cc580000, 0x00000000eab00000)
  object space 202240K, 99% used [0x00000000c0000000,0x00000000cc50f3a0,0x00000000cc580000)
 Metaspace       used 60575K, committed 61888K, reserved 1114112K
  class space    used 6291K, committed 6848K, reserved 1048576K
}
Event: 11.605 GC heap before
{Heap before GC invocations=166 (full 4):
 PSYoungGen      total 16384K, used 16377K [0x00000000eab00000, 0x00000000ec580000, 0x0000000100000000)
  eden space 13312K, 100% used [0x00000000eab00000,0x00000000eb800000,0x00000000eb800000)
  from space 3072K, 99% used [0x00000000eb800000,0x00000000ebafe730,0x00000000ebb00000)
  to   space 6144K, 49% used [0x00000000ebf80000,0x00000000ec27cbb8,0x00000000ec580000)
 ParOldGen       total 202240K, used 201788K [0x00000000c0000000, 0x00000000cc580000, 0x00000000eab00000)
  object space 202240K, 99% used [0x00000000c0000000,0x00000000cc50f3a0,0x00000000cc580000)
 Metaspace       used 60575K, committed 61888K, reserved 1114112K
  class space    used 6291K, committed 6848K, reserved 1048576K
}

