# JRE version: OpenJDK Runtime Environment Temurin-21.0.6+7 (21.0.6+7) (build 21.0.6+7-LTS)
# Java VM: OpenJDK 64-Bit Server VM Temurin-21.0.6+7 (21.0.6+7-LTS, mixed mode, sharing, tiered, compressed oops, compressed class ptrs, parallel gc, windows-amd64)
GC Precious Log:
 CardTable entry size: 512
 CPUs: 8 total, 8 available
 Memory: 16075M
 Large Page Support: Disabled
 NUMA Support: Disabled
 Compressed Oops: Enabled (32-bit)
 Alignments: Space 512K, Generation 512K, Heap 2M
 Heap Min Capacity: 100M
 Heap Initial Capacity: 100M
 Heap Max Capacity: 1G
 Pre-touch: Disabled
 Parallel Workers: 8
Heap:
 PSYoungGen      total 6656K, used 5769K [0x00000000eab00000, 0x00000000eb680000, 0x0000000100000000)
  eden space 6144K, 86% used [0x00000000eab00000,0x00000000eb030510,0x00000000eb100000)
  from space 512K, 89% used [0x00000000eb600000,0x00000000eb671fb0,0x00000000eb680000)
  to   space 1024K, 0% used [0x00000000eb480000,0x00000000eb480000,0x00000000eb580000)
 ParOldGen       total 474112K, used 473875K [0x00000000c0000000, 0x00000000dcf00000, 0x00000000eab00000)
  object space 474112K, 99% used [0x00000000c0000000,0x00000000dcec4c78,0x00000000dcf00000)
 Metaspace       used 64868K, committed 66304K, reserved 1114112K
  class space    used 6761K, committed 7360K, reserved 1048576K
GC Heap History (20 events):
Event: 13.530 GC heap before
{Heap before GC invocations=340 (full 3):
 PSYoungGen      total 4096K, used 3889K [0x00000000eab00000, 0x00000000eb300000, 0x0000000100000000)
  eden space 2560K, 100% used [0x00000000eab00000,0x00000000ead80000,0x00000000ead80000)
  from space 1536K, 86% used [0x00000000eb180000,0x00000000eb2cc6f0,0x00000000eb300000)
  to   space 2048K, 0% used [0x00000000eaf00000,0x00000000eaf00000,0x00000000eb100000)
 ParOldGen       total 457216K, used 457125K [0x00000000c0000000, 0x00000000dbe80000, 0x00000000eab00000)
  object space 457216K, 99% used [0x00000000c0000000,0x00000000dbe69690,0x00000000dbe80000)
 Metaspace       used 63451K, committed 64896K, reserved 1114112K
  class space    used 6594K, committed 7232K, reserved 1048576K
}
Event: 13.532 GC heap after
{Heap after GC invocations=340 (full 3):
 PSYoungGen      total 5120K, used 1663K [0x00000000eab00000, 0x00000000eb200000, 0x0000000100000000)
  eden space 3072K, 0% used [0x00000000eab00000,0x00000000eab00000,0x00000000eae00000)
  from space 2048K, 81% used [0x00000000eaf00000,0x00000000eb09fd98,0x00000000eb100000)
  to   space 1024K, 0% used [0x00000000eb100000,0x00000000eb100000,0x00000000eb200000)
 ParOldGen       total 458752K, used 458383K [0x00000000c0000000, 0x00000000dc000000, 0x00000000eab00000)
  object space 458752K, 99% used [0x00000000c0000000,0x00000000dbfa3d80,0x00000000dc000000)
 Metaspace       used 63451K, committed 64896K, reserved 1114112K
  class space    used 6594K, committed 7232K, reserved 1048576K
}
Event: 13.541 GC heap before
{Heap before GC invocations=341 (full 3):
 PSYoungGen      total 5120K, used 4735K [0x00000000eab00000, 0x00000000eb200000, 0x0000000100000000)
  eden space 3072K, 100% used [0x00000000eab00000,0x00000000eae00000,0x00000000eae00000)
  from space 2048K, 81% used [0x00000000eaf00000,0x00000000eb09fd98,0x00000000eb100000)
  to   space 1024K, 0% used [0x00000000eb100000,0x00000000eb100000,0x00000000eb200000)
 ParOldGen       total 458752K, used 458383K [0x00000000c0000000, 0x00000000dc000000, 0x00000000eab00000)
  object space 458752K, 99% used [0x00000000c0000000,0x00000000dbfa3d80,0x00000000dc000000)
 Metaspace       used 63569K, committed 65024K, reserved 1114112K
  class space    used 6600K, committed 7232K, reserved 1048576K
}
Event: 13.544 GC heap after
{Heap after GC invocations=341 (full 3):
 PSYoungGen      total 3584K, used 1024K [0x00000000eab00000, 0x00000000eb600000, 0x0000000100000000)
  eden space 2560K, 0% used [0x00000000eab00000,0x00000000eab00000,0x00000000ead80000)
  from space 1024K, 100% used [0x00000000eb100000,0x00000000eb200000,0x00000000eb200000)
  to   space 3584K, 0% used [0x00000000ead80000,0x00000000ead80000,0x00000000eb100000)
 ParOldGen       total 460800K, used 460337K [0x00000000c0000000, 0x00000000dc200000, 0x00000000eab00000)
  object space 460800K, 99% used [0x00000000c0000000,0x00000000dc18c470,0x00000000dc200000)
 Metaspace       used 63569K, committed 65024K, reserved 1114112K
  class space    used 6600K, committed 7232K, reserved 1048576K
}
Event: 13.549 GC heap before
{Heap before GC invocations=342 (full 3):
 PSYoungGen      total 3584K, used 3584K [0x00000000eab00000, 0x00000000eb600000, 0x0000000100000000)
  eden space 2560K, 100% used [0x00000000eab00000,0x00000000ead80000,0x00000000ead80000)
  from space 1024K, 100% used [0x00000000eb100000,0x00000000eb200000,0x00000000eb200000)
  to   space 3584K, 0% used [0x00000000ead80000,0x00000000ead80000,0x00000000eb100000)
 ParOldGen       total 460800K, used 460337K [0x00000000c0000000, 0x00000000dc200000, 0x00000000eab00000)
  object space 460800K, 99% used [0x00000000c0000000,0x00000000dc18c470,0x00000000dc200000)
 Metaspace       used 63644K, committed 65152K, reserved 1114112K
  class space    used 6610K, committed 7232K, reserved 1048576K
}
Event: 13.551 GC heap after
{Heap after GC invocations=342 (full 3):
 PSYoungGen      total 4608K, used 1568K [0x00000000eab00000, 0x00000000eb300000, 0x0000000100000000)
  eden space 2560K, 0% used [0x00000000eab00000,0x00000000eab00000,0x00000000ead80000)
  from space 2048K, 76% used [0x00000000ead80000,0x00000000eaf08000,0x00000000eaf80000)
  to   space 2560K, 0% used [0x00000000eb080000,0x00000000eb080000,0x00000000eb300000)
 ParOldGen       total 461824K, used 461377K [0x00000000c0000000, 0x00000000dc300000, 0x00000000eab00000)
  object space 461824K, 99% used [0x00000000c0000000,0x00000000dc290470,0x00000000dc300000)
 Metaspace       used 63644K, committed 65152K, reserved 1114112K
  class space    used 6610K, committed 7232K, reserved 1048576K
}
Event: 13.558 GC heap before
{Heap before GC invocations=343 (full 3):
 PSYoungGen      total 4608K, used 4128K [0x00000000eab00000, 0x00000000eb300000, 0x0000000100000000)
  eden space 2560K, 100% used [0x00000000eab00000,0x00000000ead80000,0x00000000ead80000)
  from space 2048K, 76% used [0x00000000ead80000,0x00000000eaf08000,0x00000000eaf80000)
  to   space 2560K, 0% used [0x00000000eb080000,0x00000000eb080000,0x00000000eb300000)
 ParOldGen       total 461824K, used 461377K [0x00000000c0000000, 0x00000000dc300000, 0x00000000eab00000)
  object space 461824K, 99% used [0x00000000c0000000,0x00000000dc290470,0x00000000dc300000)
 Metaspace       used 63716K, committed 65216K, reserved 1114112K
  class space    used 6625K, committed 7232K, reserved 1048576K
}
Event: 13.560 GC heap after
{Heap after GC invocations=343 (full 3):
 PSYoungGen      total 5120K, used 1792K [0x00000000eab00000, 0x00000000eb280000, 0x0000000100000000)
  eden space 3072K, 0% used [0x00000000eab00000,0x00000000eab00000,0x00000000eae00000)
  from space 2048K, 87% used [0x00000000eb080000,0x00000000eb240000,0x00000000eb280000)
  to   space 2048K, 0% used [0x00000000eae80000,0x00000000eae80000,0x00000000eb080000)
 ParOldGen       total 463360K, used 462857K [0x00000000c0000000, 0x00000000dc480000, 0x00000000eab00000)
  object space 463360K, 99% used [0x00000000c0000000,0x00000000dc402470,0x00000000dc480000)
 Metaspace       used 63716K, committed 65216K, reserved 1114112K
  class space    used 6625K, committed 7232K, reserved 1048576K
}
Event: 13.566 GC heap before
{Heap before GC invocations=344 (full 3):
 PSYoungGen      total 5120K, used 4864K [0x00000000eab00000, 0x00000000eb280000, 0x0000000100000000)
  eden space 3072K, 100% used [0x00000000eab00000,0x00000000eae00000,0x00000000eae00000)
  from space 2048K, 87% used [0x00000000eb080000,0x00000000eb240000,0x00000000eb280000)
  to   space 2048K, 0% used [0x00000000eae80000,0x00000000eae80000,0x00000000eb080000)
 ParOldGen       total 463360K, used 462857K [0x00000000c0000000, 0x00000000dc480000, 0x00000000eab00000)
  object space 463360K, 99% used [0x00000000c0000000,0x00000000dc402470,0x00000000dc480000)
 Metaspace       used 63766K, committed 65216K, reserved 1114112K
  class space    used 6637K, committed 7232K, reserved 1048576K
}
Event: 13.569 GC heap after
{Heap after GC invocations=344 (full 3):
 PSYoungGen      total 5632K, used 2048K [0x00000000eab00000, 0x00000000eb800000, 0x0000000100000000)
  eden space 3584K, 0% used [0x00000000eab00000,0x00000000eab00000,0x00000000eae80000)
  from space 2048K, 100% used [0x00000000eae80000,0x00000000eb080000,0x00000000eb080000)
  to   space 4608K, 0% used [0x00000000eb380000,0x00000000eb380000,0x00000000eb800000)
 ParOldGen       total 464896K, used 464653K [0x00000000c0000000, 0x00000000dc600000, 0x00000000eab00000)
  object space 464896K, 99% used [0x00000000c0000000,0x00000000dc5c36b0,0x00000000dc600000)
 Metaspace       used 63766K, committed 65216K, reserved 1114112K
  class space    used 6637K, committed 7232K, reserved 1048576K
}
Event: 13.576 GC heap before
{Heap before GC invocations=345 (full 3):
 PSYoungGen      total 5632K, used 5632K [0x00000000eab00000, 0x00000000eb800000, 0x0000000100000000)
  eden space 3584K, 100% used [0x00000000eab00000,0x00000000eae80000,0x00000000eae80000)
  from space 2048K, 100% used [0x00000000eae80000,0x00000000eb080000,0x00000000eb080000)
  to   space 4608K, 0% used [0x00000000eb380000,0x00000000eb380000,0x00000000eb800000)
 ParOldGen       total 464896K, used 464653K [0x00000000c0000000, 0x00000000dc600000, 0x00000000eab00000)
  object space 464896K, 99% used [0x00000000c0000000,0x00000000dc5c36b0,0x00000000dc600000)
 Metaspace       used 63794K, committed 65280K, reserved 1114112K
  class space    used 6639K, committed 7232K, reserved 1048576K
}
Event: 13.580 GC heap after
{Heap after GC invocations=345 (full 3):
 PSYoungGen      total 7168K, used 2432K [0x00000000eab00000, 0x00000000eb600000, 0x0000000100000000)
  eden space 4608K, 0% used [0x00000000eab00000,0x00000000eab00000,0x00000000eaf80000)
  from space 2560K, 95% used [0x00000000eb380000,0x00000000eb5e0010,0x00000000eb600000)
  to   space 3072K, 0% used [0x00000000eb000000,0x00000000eb000000,0x00000000eb300000)
 ParOldGen       total 466944K, used 466661K [0x00000000c0000000, 0x00000000dc800000, 0x00000000eab00000)
  object space 466944K, 99% used [0x00000000c0000000,0x00000000dc7b96b0,0x00000000dc800000)
 Metaspace       used 63794K, committed 65280K, reserved 1114112K
  class space    used 6639K, committed 7232K, reserved 1048576K
}
Event: 13.589 GC heap before
{Heap before GC invocations=346 (full 3):
 PSYoungGen      total 7168K, used 7040K [0x00000000eab00000, 0x00000000eb600000, 0x0000000100000000)
  eden space 4608K, 100% used [0x00000000eab00000,0x00000000eaf80000,0x00000000eaf80000)
  from space 2560K, 95% used [0x00000000eb380000,0x00000000eb5e0010,0x00000000eb600000)
  to   space 3072K, 0% used [0x00000000eb000000,0x00000000eb000000,0x00000000eb300000)
 ParOldGen       total 466944K, used 466661K [0x00000000c0000000, 0x00000000dc800000, 0x00000000eab00000)
  object space 466944K, 99% used [0x00000000c0000000,0x00000000dc7b96b0,0x00000000dc800000)
 Metaspace       used 63802K, committed 65344K, reserved 1114112K
  class space    used 6640K, committed 7296K, reserved 1048576K
}
Event: 13.593 GC heap after
{Heap after GC invocations=346 (full 3):
 PSYoungGen      total 8192K, used 3072K [0x00000000eab00000, 0x00000000ebd80000, 0x0000000100000000)
  eden space 5120K, 0% used [0x00000000eab00000,0x00000000eab00000,0x00000000eb000000)
  from space 3072K, 100% used [0x00000000eb000000,0x00000000eb300000,0x00000000eb300000)
  to   space 6656K, 0% used [0x00000000eb700000,0x00000000eb700000,0x00000000ebd80000)
 ParOldGen       total 469504K, used 469253K [0x00000000c0000000, 0x00000000dca80000, 0x00000000eab00000)
  object space 469504K, 99% used [0x00000000c0000000,0x00000000dca416b0,0x00000000dca80000)
 Metaspace       used 63802K, committed 65344K, reserved 1114112K
  class space    used 6640K, committed 7296K, reserved 1048576K
}
Event: 13.626 GC heap before
{Heap before GC invocations=347 (full 3):
 PSYoungGen      total 8192K, used 8191K [0x00000000eab00000, 0x00000000ebd80000, 0x0000000100000000)
  eden space 5120K, 99% used [0x00000000eab00000,0x00000000eafffff8,0x00000000eb000000)
  from space 3072K, 100% used [0x00000000eb000000,0x00000000eb300000,0x00000000eb300000)
  to   space 6656K, 0% used [0x00000000eb700000,0x00000000eb700000,0x00000000ebd80000)
 ParOldGen       total 469504K, used 469253K [0x00000000c0000000, 0x00000000dca80000, 0x00000000eab00000)
  object space 469504K, 99% used [0x00000000c0000000,0x00000000dca416b0,0x00000000dca80000)
 Metaspace       used 64249K, committed 65728K, reserved 1114112K
  class space    used 6699K, committed 7296K, reserved 1048576K
}
Event: 13.629 GC heap after
{Heap after GC invocations=347 (full 3):
 PSYoungGen      total 7680K, used 1120K [0x00000000eab00000, 0x00000000eb880000, 0x0000000100000000)
  eden space 6144K, 0% used [0x00000000eab00000,0x00000000eab00000,0x00000000eb100000)
  from space 1536K, 72% used [0x00000000eb700000,0x00000000eb818000,0x00000000eb880000)
  to   space 3072K, 0% used [0x00000000eb280000,0x00000000eb280000,0x00000000eb580000)
 ParOldGen       total 472576K, used 472389K [0x00000000c0000000, 0x00000000dcd80000, 0x00000000eab00000)
  object space 472576K, 99% used [0x00000000c0000000,0x00000000dcd516b0,0x00000000dcd80000)
 Metaspace       used 64249K, committed 65728K, reserved 1114112K
  class space    used 6699K, committed 7296K, reserved 1048576K
}
Event: 54.945 GC heap before
{Heap before GC invocations=348 (full 3):
 PSYoungGen      total 7680K, used 7264K [0x00000000eab00000, 0x00000000eb880000, 0x0000000100000000)
  eden space 6144K, 100% used [0x00000000eab00000,0x00000000eb100000,0x00000000eb100000)
  from space 1536K, 72% used [0x00000000eb700000,0x00000000eb818000,0x00000000eb880000)
  to   space 3072K, 0% used [0x00000000eb280000,0x00000000eb280000,0x00000000eb580000)
 ParOldGen       total 472576K, used 472389K [0x00000000c0000000, 0x00000000dcd80000, 0x00000000eab00000)
  object space 472576K, 99% used [0x00000000c0000000,0x00000000dcd516b0,0x00000000dcd80000)
 Metaspace       used 64679K, committed 66112K, reserved 1114112K
  class space    used 6739K, committed 7296K, reserved 1048576K
}
Event: 54.948 GC heap after
{Heap after GC invocations=348 (full 3):
 PSYoungGen      total 9216K, used 704K [0x00000000eab00000, 0x00000000eb780000, 0x0000000100000000)
  eden space 6144K, 0% used [0x00000000eab00000,0x00000000eab00000,0x00000000eb100000)
  from space 3072K, 22% used [0x00000000eb280000,0x00000000eb330000,0x00000000eb580000)
  to   space 1536K, 0% used [0x00000000eb600000,0x00000000eb600000,0x00000000eb780000)
 ParOldGen       total 473600K, used 473277K [0x00000000c0000000, 0x00000000dce80000, 0x00000000eab00000)
  object space 473600K, 99% used [0x00000000c0000000,0x00000000dce2f6b0,0x00000000dce80000)
 Metaspace       used 64679K, committed 66112K, reserved 1114112K
  class space    used 6739K, committed 7296K, reserved 1048576K
}
Event: 62.827 GC heap before
{Heap before GC invocations=349 (full 3):
 PSYoungGen      total 9216K, used 6848K [0x00000000eab00000, 0x00000000eb780000, 0x0000000100000000)
  eden space 6144K, 100% used [0x00000000eab00000,0x00000000eb100000,0x00000000eb100000)
  from space 3072K, 22% used [0x00000000eb280000,0x00000000eb330000,0x00000000eb580000)
  to   space 1536K, 0% used [0x00000000eb600000,0x00000000eb600000,0x00000000eb780000)
 ParOldGen       total 473600K, used 473277K [0x00000000c0000000, 0x00000000dce80000, 0x00000000eab00000)
  object space 473600K, 99% used [0x00000000c0000000,0x00000000dce2f6b0,0x00000000dce80000)
 Metaspace       used 64838K, committed 66240K, reserved 1114112K
  class space    used 6761K, committed 7360K, reserved 1048576K
}
Event: 62.830 GC heap after
{Heap after GC invocations=349 (full 3):
 PSYoungGen      total 6656K, used 455K [0x00000000eab00000, 0x00000000eb680000, 0x0000000100000000)
  eden space 6144K, 0% used [0x00000000eab00000,0x00000000eab00000,0x00000000eb100000)
  from space 512K, 89% used [0x00000000eb600000,0x00000000eb671fb0,0x00000000eb680000)
  to   space 1024K, 0% used [0x00000000eb480000,0x00000000eb480000,0x00000000eb580000)
 ParOldGen       total 474112K, used 473875K [0x00000000c0000000, 0x00000000dcf00000, 0x00000000eab00000)
  object space 474112K, 99% used [0x00000000c0000000,0x00000000dcec4c78,0x00000000dcf00000)
 Metaspace       used 64838K, committed 66240K, reserved 1114112K
  class space    used 6761K, committed 7360K, reserved 1048576K
}

